E:\MYCODE\JVKLIBEVENT\DEBUG\MAIN.OBJ
E:\MYCODE\JVKLIBEVENT\DEBUG\VC110.PDB
E:\MYCODE\JVKLIBEVENT\DEBUG\BUFFEREVENT_FILTER.OBJ
E:\MYCODE\JVKLIBEVENT\DEBUG\BUFFEREVENT.OBJ
E:\MYCODE\JVKLIBEVENT\DEBUG\BUFFEREVENT_ASYNC.OBJ
E:\MYCODE\JVKLIBEVENT\DEBUG\BUFFER.OBJ
E:\MYCODE\JVKLIBEVENT\DEBUG\BUFFER_IOCP.OBJ
E:\MYCODE\JVKLIBEVENT\DEBUG\BUFFEREVENT_PAIR.OBJ
E:\MYCODE\JVKLIBEVENT\DEBUG\EVENT.OBJ
E:\MYCODE\JVKLIBEVENT\DEBUG\EVENT_TAGGING.OBJ
E:\MYCODE\JVKLIBEVENT\DEBUG\EVPORT.OBJ
E:\MYCODE\JVKLIBEVENT\DEBUG\EVENT_IOCP.OBJ
E:\MYCODE\JVKLIBEVENT\DEBUG\BUFFEREVENT_OPENSSL.OBJ
E:\MYCODE\JVKLIBEVENT\DEBUG\EVTHREAD_PTHREAD.OBJ
E:\MYCODE\JVKLIBEVENT\DEBUG\EVMAP.OBJ
E:\MYCODE\JVKLIBEVENT\DEBUG\EVRPC.OBJ
E:\MYCODE\JVKLIBEVENT\DEBUG\BUFFEREVENT_SOCK.OBJ
E:\MYCODE\JVKLIBEVENT\DEBUG\EPOLL.OBJ
E:\MYCODE\JVKLIBEVENT\DEBUG\EPOLL_SUB.OBJ
E:\MYCODE\JVKLIBEVENT\DEBUG\EVTHREAD.OBJ
E:\MYCODE\JVKLIBEVENT\DEBUG\DEVPOLL.OBJ
E:\MYCODE\JVKLIBEVENT\DEBUG\EVTHREAD_WIN32.OBJ
E:\MYCODE\JVKLIBEVENT\DEBUG\KQUEUE.OBJ
E:\MYCODE\JVKLIBEVENT\DEBUG\EVUTIL_TIME.OBJ
E:\MYCODE\JVKLIBEVENT\DEBUG\POLL.OBJ
E:\MYCODE\JVKLIBEVENT\DEBUG\STRLCPY.OBJ
E:\MYCODE\JVKLIBEVENT\DEBUG\SIGNAL.OBJ
E:\MYCODE\JVKLIBEVENT\DEBUG\SELECT.OBJ
E:\MYCODE\JVKLIBEVENT\DEBUG\EVUTIL.OBJ
E:\MYCODE\JVKLIBEVENT\DEBUG\EVUTIL_RAND.OBJ
E:\MYCODE\JVKLIBEVENT\DEBUG\LISTENER.OBJ
E:\MYCODE\JVKLIBEVENT\DEBUG\BUFFEREVENT_RATELIM.OBJ
E:\MYCODE\JVKLIBEVENT\DEBUG\LOG.OBJ
E:\MYCODE\JVKLIBEVENT\DEBUG\WIN32SELECT.OBJ
E:\MYCODE\JVKLIBEVENT\DEBUG\HTTP.OBJ
E:\MYCODE\JVKLIBEVENT\DEBUG\EVDNS.OBJ
E:\MYCODE\JVKLIBEVENT\DEBUG\JVKLIBEVENT.EXE
E:\MYCODE\JVKLIBEVENT\DEBUG\JVKLIBEVENT.PDB
E:\mycode\Jvklibevent\Debug\buffer.obj
E:\mycode\Jvklibevent\Debug\bufferevent.obj
E:\mycode\Jvklibevent\Debug\bufferevent_async.obj
E:\mycode\Jvklibevent\Debug\bufferevent_filter.obj
E:\mycode\Jvklibevent\Debug\bufferevent_openssl.obj
E:\mycode\Jvklibevent\Debug\bufferevent_pair.obj
E:\mycode\Jvklibevent\Debug\bufferevent_ratelim.obj
E:\mycode\Jvklibevent\Debug\bufferevent_sock.obj
E:\mycode\Jvklibevent\Debug\buffer_iocp.obj
E:\mycode\Jvklibevent\Debug\devpoll.obj
E:\mycode\Jvklibevent\Debug\epoll.obj
E:\mycode\Jvklibevent\Debug\epoll_sub.obj
E:\mycode\Jvklibevent\Debug\evdns.obj
E:\mycode\Jvklibevent\Debug\event.obj
E:\mycode\Jvklibevent\Debug\event_iocp.obj
E:\mycode\Jvklibevent\Debug\event_tagging.obj
E:\mycode\Jvklibevent\Debug\evmap.obj
E:\mycode\Jvklibevent\Debug\evport.obj
E:\mycode\Jvklibevent\Debug\evrpc.obj
E:\mycode\Jvklibevent\Debug\evthread.obj
E:\mycode\Jvklibevent\Debug\evthread_pthread.obj
E:\mycode\Jvklibevent\Debug\evthread_win32.obj
E:\mycode\Jvklibevent\Debug\evutil.obj
E:\mycode\Jvklibevent\Debug\evutil_rand.obj
E:\mycode\Jvklibevent\Debug\evutil_time.obj
E:\mycode\Jvklibevent\Debug\http.obj
E:\mycode\Jvklibevent\Debug\kqueue.obj
E:\mycode\Jvklibevent\Debug\listener.obj
E:\mycode\Jvklibevent\Debug\log.obj
E:\mycode\Jvklibevent\Debug\main.obj
E:\mycode\Jvklibevent\Debug\poll.obj
E:\mycode\Jvklibevent\Debug\select.obj
E:\mycode\Jvklibevent\Debug\signal.obj
E:\mycode\Jvklibevent\Debug\strlcpy.obj
E:\mycode\Jvklibevent\Debug\win32select.obj
E:\mycode\Jvklibevent\Debug\cl.command.1.tlog
E:\mycode\Jvklibevent\Debug\CL.read.1.tlog
E:\mycode\Jvklibevent\Debug\CL.write.1.tlog
E:\mycode\Jvklibevent\Debug\link-cvtres.read.1.tlog
E:\mycode\Jvklibevent\Debug\link-cvtres.write.1.tlog
E:\mycode\Jvklibevent\Debug\link-rc.read.1.tlog
E:\mycode\Jvklibevent\Debug\link-rc.write.1.tlog
E:\mycode\Jvklibevent\Debug\link.command.1.tlog
E:\mycode\Jvklibevent\Debug\link.read.1.tlog
E:\mycode\Jvklibevent\Debug\link.write.1.tlog
E:\mycode\Jvklibevent\Debug\vc110.idb
E:\mycode\Jvklibevent\Debug\vc110_ib_1.idb
E:\mycode\Jvklibevent\Debug\vc110_ib_2.idb
E:\mycode\Jvklibevent\Debug\vc110_ib_3.idb
E:\mycode\Jvklibevent\Debug\vc110_ib_4.idb
E:\mycode\Jvklibevent\Debug\vc110_ib_6.idb
E:\mycode\Jvklibevent\Debug\vc110_ib_7.idb
E:\mycode\Jvklibevent\Debug\vc110_ib_8.idb
E:\mycode\Jvklibevent\Debug\Jvklibevent.pdb
E:\mycode\Jvklibevent\Debug\vc110.pdb
E:\mycode\Jvklibevent\Debug\vc110_ib_1.pdb
E:\mycode\Jvklibevent\Debug\vc110_ib_2.pdb
E:\mycode\Jvklibevent\Debug\vc110_ib_3.pdb
E:\mycode\Jvklibevent\Debug\vc110_ib_4.pdb
E:\mycode\Jvklibevent\Debug\vc110_ib_6.pdb
E:\mycode\Jvklibevent\Debug\vc110_ib_7.pdb
E:\mycode\Jvklibevent\Debug\vc110_ib_8.pdb
E:\mycode\Jvklibevent\Debug\Jvklibevent.exe
